{
  "0 debug pnpm:scope": {
    "selected": 1
  },
  "1 error pnpm": {
    "message": {
      "errno": 1,
      "code": "ELIFECYCLE",
      "pkgid": "typescript-starter@1.0.0",
      "stage": "start",
      "script": "pnpm run build && node ./build/index.js",
      "pkgname": "typescript-starter"
    },
    "err": {
      "name": "Error",
      "message": "typescript-starter@1.0.0 start: `pnpm run build && node ./build/index.js`\nExit status 1",
      "code": "ELIFECYCLE",
      "stack": "Error: typescript-starter@1.0.0 start: `pnpm run build && node ./build/index.js`\nExit status 1\n    at EventEmitter.proc.on (/home/jigth/.npm-global/lib/node_modules/pnpm/dist/pnpm.js:103122:18)\n    at EventEmitter.emit (events.js:198:13)\n    at ChildProcess.<anonymous> (/home/jigth/.npm-global/lib/node_modules/pnpm/dist/pnpm.js:88696:16)\n    at ChildProcess.emit (events.js:198:13)\n    at maybeClose (internal/child_process.js:982:16)\n    at Process.ChildProcess._handle.onexit (internal/child_process.js:259:5)"
    }
  }
}